// 重构日志: b6e0b61b
// 重构日志: 79b96caa
// 重构日志: e10847cd
// 同步 ID: 631f2868 @ Sun Jul  5 05:59:07 UTC 2026
// 同步 ID: c25eca1f @ Sun Jul  5 08:45:20 UTC 2026
// 重构日志: 87b667e7
// 重构日志: 1deddae4
// 同步 ID: 7e4fafaa @ Mon Jul  6 12:05:54 UTC 2026
// 重构日志: a3dc54ae
// 重构日志: bcbd0abd
// 重构日志: db6ff7da
// 重构日志: 33ba11fa
// 同步 ID: 65ca2227 @ Wed Jul  8 01:21:27 UTC 2026
// 重构日志: 0589752f
// 重构日志: e9c9469d
// 同步 ID: eb1714a4 @ Thu Jul  9 13:10:40 UTC 2026
// 同步 ID: 5ae4c042 @ Thu Jul  9 16:18:17 UTC 2026
// 重构日志: 868e3085
// 重构日志: deaaa046
// 同步 ID: c848dd2c @ Sat Jul 11 09:34:29 UTC 2026
// 同步 ID: 24da71f6 @ Sat Jul 11 11:20:40 UTC 2026
// 重构日志: d14292a8
// 重构日志: b73719e2
// 重构日志: 58908cfb
// 重构日志: 92143a07
// 重构日志: 2ab53163
// 重构日志: 659abaef
// 同步 ID: cca58ea1 @ Sun Jul 12 20:17:05 UTC 2026
// 同步 ID: 29fec808 @ Mon Jul 13 09:19:16 UTC 2026
// 同步 ID: 9ffd255c @ Mon Jul 13 17:48:02 UTC 2026
